Job ID: 3514844
Node: landonia11
Started: Mon 22 Jun 14:13:07 UTC 2026
Device: cuda
Compiling models...
Done.

============================================================
  MALA — target acceptance: 57%
  100 chains × 300 steps
============================================================
        DT   accept%   log_p early  log_p late  trend/step
  --------------------------------------------------------
Setting up PyTorch plugin "bias_act_plugin"... Done.
Setting up PyTorch plugin "upfirdn2d_plugin"... Done.
     0.100    61.1%       -255.79     -255.85     +0.0025 ← target
     0.200    31.6%       -256.33     -255.19     +0.0056
     0.300    11.1%       -257.82     -257.47     +0.0011
     0.400     2.1%       -258.02     -257.37     +0.0023
     0.500     0.2%       -258.08     -258.41     -0.0012
     0.700     0.0%       -258.10     -258.10     -0.0000

Done.
Finished: Mon 22 Jun 14:42:10 UTC 2026
