Job ID: 3514845
Node: landonia11
Started: Mon 22 Jun 14:42:52 UTC 2026
Device: cuda
Compiling models...
Done.

============================================================
  ULA — check: log_p stabilises (slope ≈ 0)
  100 chains × 300 steps
============================================================
        DT   log_p early  log_p late  trend/step      bias   stable?
  ----------------------------------------------------------------
Setting up PyTorch plugin "bias_act_plugin"... Done.
Setting up PyTorch plugin "upfirdn2d_plugin"... Done.
     0.001       -259.20     -257.27     +0.0061     +1.92    stable ← largest stable
     0.005       -258.35     -255.96     +0.0066     +2.39    BIASED
     0.010       -258.09     -256.08     +0.0058     +2.01    BIASED
     0.020       -258.41     -257.26     +0.0050     +1.16    stable ← largest stable
     0.050       -261.66     -262.33     +0.0007     -0.67    stable ← largest stable
     0.100       -268.85     -270.34     -0.0026     -1.49    stable ← largest stable

Done.
Finished: Mon 22 Jun 15:10:11 UTC 2026
